Success: False
Tests: 0/4
Test Pass Rate: 0.0%
Error: Traceback (most recent call last):
  File "/tmp/tmpdrqkvs_c.py", line 1, in <module>
    def separate_paren_groups(paren_string: str) -> List[str]:
                                                    ^^^^
NameError: name 'List' is not defined. Did you mean: 'list'?

Stdout: 
Stderr: Traceback (most recent call last):
  File "/tmp/tmpdrqkvs_c.py", line 1, in <module>
    def separate_paren_groups(paren_string: str) -> List[str]:
                                                    ^^^^
NameError: name 'List' is not defined. Did you mean: 'list'?

