Success: False
Tests: 0/10
Test Pass Rate: 0.0%
Error: Traceback (most recent call last):
  File "/tmp/tmp5op1nhlq.py", line 30, in <module>
    check(tri)
          ^^^
NameError: name 'tri' is not defined

Stdout: 
Stderr: Traceback (most recent call last):
  File "/tmp/tmp5op1nhlq.py", line 30, in <module>
    check(tri)
          ^^^
NameError: name 'tri' is not defined

