Success: False
Tests: 0/14
Test Pass Rate: 0.0%
Error: Traceback (most recent call last):
  File "/tmp/tmp05a2c2gn.py", line 24, in <module>
    check(is_nested)
          ^^^^^^^^^
NameError: name 'is_nested' is not defined

Stdout: 
Stderr: Traceback (most recent call last):
  File "/tmp/tmp05a2c2gn.py", line 24, in <module>
    check(is_nested)
          ^^^^^^^^^
NameError: name 'is_nested' is not defined

