Success: False
Tests: 2/2
Test Pass Rate: 100.0%
Error: Traceback (most recent call last):
  File "/tmp/tmpp8qmisqk.py", line 70, in <module>
    check(file_name_check)
  File "/tmp/tmpp8qmisqk.py", line 68, in check
    assertion(candidate(*inp), exp, 0)
  File "/tmp/tmpp8qmisqk.py", line 61, in assertion
    assert exact_match
           ^^^^^^^^^^^
AssertionError

Stdout: 
Stderr: Traceback (most recent call last):
  File "/tmp/tmpp8qmisqk.py", line 70, in <module>
    check(file_name_check)
  File "/tmp/tmpp8qmisqk.py", line 68, in check
    assertion(candidate(*inp), exp, 0)
  File "/tmp/tmpp8qmisqk.py", line 61, in assertion
    assert exact_match
           ^^^^^^^^^^^
AssertionError

