Success: False
Tests: 0/7
Test Pass Rate: 0.0%
Error: Traceback (most recent call last):
  File "/tmp/tmpra7z77jz.py", line 1, in <module>
    def has_close_elements(numbers: List[float], threshold: float) -> bool:
                                    ^^^^
NameError: name 'List' is not defined. Did you mean: 'list'?

Stdout: 
Stderr: Traceback (most recent call last):
  File "/tmp/tmpra7z77jz.py", line 1, in <module>
    def has_close_elements(numbers: List[float], threshold: float) -> bool:
                                    ^^^^
NameError: name 'List' is not defined. Did you mean: 'list'?

