Success: False
Tests: 0/1
Test Pass Rate: 0.0%
Error: Traceback (most recent call last):
  File "/tmp/tmp7pr97r2_.py", line 13, in <module>
    from scipy import optimize
ModuleNotFoundError: No module named 'scipy'

Stdout: 
Stderr: Traceback (most recent call last):
  File "/tmp/tmp7pr97r2_.py", line 13, in <module>
    from scipy import optimize
ModuleNotFoundError: No module named 'scipy'

