Success: False
Tests: 0/1
Test Pass Rate: 0.0%
Error: Traceback (most recent call last):
  File "/tmp/tmpr4vvlx0x.py", line 24, in <module>
    check(decode_shift)
  File "/tmp/tmpr4vvlx0x.py", line 20, in check
    encoded_str = encode_shift(str)
                  ^^^^^^^^^^^^
NameError: name 'encode_shift' is not defined. Did you mean: 'decode_shift'?

Stdout: 
Stderr: Traceback (most recent call last):
  File "/tmp/tmpr4vvlx0x.py", line 24, in <module>
    check(decode_shift)
  File "/tmp/tmpr4vvlx0x.py", line 20, in check
    encoded_str = encode_shift(str)
                  ^^^^^^^^^^^^
NameError: name 'encode_shift' is not defined. Did you mean: 'decode_shift'?

