Success: False
Tests: 0/2
Test Pass Rate: 0.0%
Error: Traceback (most recent call last):
  File "/tmp/tmpa0c3u5ec.py", line 13, in <module>
    import numpy as np
ModuleNotFoundError: No module named 'numpy'

Stdout: 
Stderr: Traceback (most recent call last):
  File "/tmp/tmpa0c3u5ec.py", line 13, in <module>
    import numpy as np
ModuleNotFoundError: No module named 'numpy'

