Success: False
Tests: 0/9
Test Pass Rate: 0.0%
Error: Traceback (most recent call last):
  File "/tmp/tmpctdt__hr.py", line 43, in <module>
    check(skjkasdkd)
          ^^^^^^^^^
NameError: name 'skjkasdkd' is not defined

Stdout: 
Stderr: Traceback (most recent call last):
  File "/tmp/tmpctdt__hr.py", line 43, in <module>
    check(skjkasdkd)
          ^^^^^^^^^
NameError: name 'skjkasdkd' is not defined

