Success: False
Tests: 0/2
Test Pass Rate: 0.0%
Error: Traceback (most recent call last):
  File "/tmp/tmp3ebt98lw.py", line 14, in <module>
    import numpy as np
ModuleNotFoundError: No module named 'numpy'

Stdout: 
Stderr: Traceback (most recent call last):
  File "/tmp/tmp3ebt98lw.py", line 14, in <module>
    import numpy as np
ModuleNotFoundError: No module named 'numpy'

