Success: False
Tests: 2/2
Test Pass Rate: 100.0%
Error: Traceback (most recent call last):
  File "/tmp/tmprql_sniz.py", line 48, in <module>
    check(closest_integer)
  File "/tmp/tmprql_sniz.py", line 46, in check
    assertion(candidate(*inp), exp, 0)
  File "/tmp/tmprql_sniz.py", line 39, in assertion
    assert exact_match
           ^^^^^^^^^^^
AssertionError

Stdout: 
Stderr: Traceback (most recent call last):
  File "/tmp/tmprql_sniz.py", line 48, in <module>
    check(closest_integer)
  File "/tmp/tmprql_sniz.py", line 46, in check
    assertion(candidate(*inp), exp, 0)
  File "/tmp/tmprql_sniz.py", line 39, in assertion
    assert exact_match
           ^^^^^^^^^^^
AssertionError

