Success: False
Tests: 2/2
Test Pass Rate: 100.0%
Error: Traceback (most recent call last):
  File "/tmp/tmpck4g1wfp.py", line 37, in <module>
    check(same_chars)
  File "/tmp/tmpck4g1wfp.py", line 35, in check
    assertion(candidate(*inp), exp, 0)
  File "/tmp/tmpck4g1wfp.py", line 28, in assertion
    assert exact_match
           ^^^^^^^^^^^
AssertionError

Stdout: 
Stderr: Traceback (most recent call last):
  File "/tmp/tmpck4g1wfp.py", line 37, in <module>
    check(same_chars)
  File "/tmp/tmpck4g1wfp.py", line 35, in check
    assertion(candidate(*inp), exp, 0)
  File "/tmp/tmpck4g1wfp.py", line 28, in assertion
    assert exact_match
           ^^^^^^^^^^^
AssertionError

