Success: False
Tests: 0/2
Test Pass Rate: 0.0%
Error: Traceback (most recent call last):
  File "/tmp/tmpo8sz_z2x.py", line 7, in <module>
    import numpy as np
ModuleNotFoundError: No module named 'numpy'

Stdout: 
Stderr: Traceback (most recent call last):
  File "/tmp/tmpo8sz_z2x.py", line 7, in <module>
    import numpy as np
ModuleNotFoundError: No module named 'numpy'

